2024/05/06 04:34:47 [notice] 1#1: using the "epoll" event method
2024/05/06 04:34:47 [notice] 1#1: nginx/1.25.5
2024/05/06 04:34:47 [notice] 1#1: built by gcc 12.2.0 (Debian 12.2.0-14) 
2024/05/06 04:34:47 [notice] 1#1: OS: Linux 6.1.75-060175-generic
2024/05/06 04:34:47 [notice] 1#1: getrlimit(RLIMIT_NOFILE): 1048576:1048576
2024/05/06 04:34:47 [notice] 1#1: start worker processes
2024/05/06 04:34:47 [notice] 1#1: start worker process 140
2024/05/06 04:34:47 [notice] 1#1: start worker process 141
2024/05/06 04:34:47 [notice] 1#1: start worker process 142
2024/05/06 04:34:47 [notice] 1#1: start worker process 143
2024/05/06 04:34:47 [notice] 1#1: start worker process 144
2024/05/06 04:34:47 [notice] 1#1: start worker process 145
2024/05/06 04:34:47 [notice] 1#1: start worker process 146
2024/05/06 04:34:47 [notice] 1#1: start worker process 147
2024/05/06 04:34:47 [notice] 1#1: start worker process 148
2024/05/06 04:34:47 [notice] 1#1: start worker process 149
2024/05/06 04:34:47 [notice] 1#1: start worker process 150
2024/05/06 04:34:47 [notice] 1#1: start worker process 151
2024/05/06 04:34:47 [notice] 1#1: start worker process 152
2024/05/06 04:34:47 [notice] 1#1: start worker process 153
2024/05/06 04:34:47 [notice] 1#1: start worker process 154
2024/05/06 04:34:47 [notice] 1#1: start worker process 155
2024/05/06 04:35:38 [notice] 1#1: signal 3 (SIGQUIT) received, shutting down
2024/05/06 04:35:38 [notice] 141#141: gracefully shutting down
2024/05/06 04:35:38 [notice] 141#141: exiting
2024/05/06 04:35:38 [notice] 141#141: exit
2024/05/06 04:35:38 [notice] 142#142: gracefully shutting down
2024/05/06 04:35:38 [notice] 140#140: gracefully shutting down
2024/05/06 04:35:38 [notice] 142#142: exiting
2024/05/06 04:35:38 [notice] 143#143: gracefully shutting down
2024/05/06 04:35:38 [notice] 143#143: exiting
2024/05/06 04:35:38 [notice] 140#140: exiting
2024/05/06 04:35:38 [notice] 145#145: gracefully shutting down
2024/05/06 04:35:38 [notice] 146#146: gracefully shutting down
2024/05/06 04:35:38 [notice] 142#142: exit
2024/05/06 04:35:38 [notice] 145#145: exiting
2024/05/06 04:35:38 [notice] 146#146: exiting
2024/05/06 04:35:38 [notice] 143#143: exit
2024/05/06 04:35:38 [notice] 152#152: gracefully shutting down
2024/05/06 04:35:38 [notice] 140#140: exit
2024/05/06 04:35:38 [notice] 152#152: exiting
2024/05/06 04:35:38 [notice] 145#145: exit
2024/05/06 04:35:38 [notice] 146#146: exit
2024/05/06 04:35:38 [notice] 151#151: gracefully shutting down
2024/05/06 04:35:38 [notice] 152#152: exit
2024/05/06 04:35:38 [notice] 151#151: exiting
2024/05/06 04:35:38 [notice] 144#144: gracefully shutting down
2024/05/06 04:35:38 [notice] 151#151: exit
2024/05/06 04:35:38 [notice] 144#144: exiting
2024/05/06 04:35:38 [notice] 144#144: exit
2024/05/06 04:35:38 [notice] 149#149: gracefully shutting down
2024/05/06 04:35:38 [notice] 149#149: exiting
2024/05/06 04:35:38 [notice] 149#149: exit
2024/05/06 04:35:38 [notice] 150#150: gracefully shutting down
2024/05/06 04:35:38 [notice] 150#150: exiting
2024/05/06 04:35:38 [notice] 148#148: gracefully shutting down
2024/05/06 04:35:38 [notice] 147#147: gracefully shutting down
2024/05/06 04:35:38 [notice] 148#148: exiting
2024/05/06 04:35:38 [notice] 150#150: exit
2024/05/06 04:35:38 [notice] 147#147: exiting
2024/05/06 04:35:38 [notice] 153#153: gracefully shutting down
2024/05/06 04:35:38 [notice] 147#147: exit
2024/05/06 04:35:38 [notice] 148#148: exit
2024/05/06 04:35:38 [notice] 153#153: exiting
2024/05/06 04:35:38 [notice] 153#153: exit
2024/05/06 04:35:38 [notice] 154#154: gracefully shutting down
2024/05/06 04:35:38 [notice] 154#154: exiting
2024/05/06 04:35:38 [notice] 154#154: exit
2024/05/06 04:35:38 [notice] 155#155: gracefully shutting down
2024/05/06 04:35:38 [notice] 155#155: exiting
2024/05/06 04:35:38 [notice] 155#155: exit
2024/05/06 04:35:38 [notice] 1#1: signal 17 (SIGCHLD) received from 147
2024/05/06 04:35:38 [notice] 1#1: worker process 146 exited with code 0
2024/05/06 04:35:38 [notice] 1#1: worker process 147 exited with code 0
2024/05/06 04:35:38 [notice] 1#1: signal 29 (SIGIO) received
2024/05/06 04:35:38 [notice] 1#1: signal 17 (SIGCHLD) received from 140
2024/05/06 04:35:38 [notice] 1#1: worker process 140 exited with code 0
2024/05/06 04:35:38 [notice] 1#1: worker process 141 exited with code 0
2024/05/06 04:35:38 [notice] 1#1: worker process 142 exited with code 0
2024/05/06 04:35:38 [notice] 1#1: worker process 145 exited with code 0
2024/05/06 04:35:38 [notice] 1#1: worker process 148 exited with code 0
2024/05/06 04:35:38 [notice] 1#1: worker process 150 exited with code 0
2024/05/06 04:35:38 [notice] 1#1: worker process 152 exited with code 0
2024/05/06 04:35:38 [notice] 1#1: worker process 153 exited with code 0
2024/05/06 04:35:38 [notice] 1#1: worker process 155 exited with code 0
2024/05/06 04:35:38 [notice] 1#1: signal 29 (SIGIO) received
2024/05/06 04:35:38 [notice] 1#1: signal 17 (SIGCHLD) received from 143
2024/05/06 04:35:38 [notice] 1#1: worker process 143 exited with code 0
2024/05/06 04:35:38 [notice] 1#1: signal 29 (SIGIO) received
2024/05/06 04:35:38 [notice] 1#1: signal 17 (SIGCHLD) received from 154
2024/05/06 04:35:38 [notice] 1#1: worker process 144 exited with code 0
2024/05/06 04:35:38 [notice] 1#1: worker process 149 exited with code 0
2024/05/06 04:35:38 [notice] 1#1: worker process 154 exited with code 0
2024/05/06 04:35:38 [notice] 1#1: signal 17 (SIGCHLD) received from 151
2024/05/06 04:35:38 [notice] 1#1: worker process 151 exited with code 0
2024/05/06 04:35:38 [notice] 1#1: exit
2024/05/06 04:39:05 [notice] 1#1: using the "epoll" event method
2024/05/06 04:39:05 [notice] 1#1: nginx/1.25.5
2024/05/06 04:39:05 [notice] 1#1: built by gcc 12.2.0 (Debian 12.2.0-14) 
2024/05/06 04:39:05 [notice] 1#1: OS: Linux 6.1.75-060175-generic
2024/05/06 04:39:05 [notice] 1#1: getrlimit(RLIMIT_NOFILE): 1048576:1048576
2024/05/06 04:39:05 [notice] 1#1: start worker processes
2024/05/06 04:39:05 [notice] 1#1: start worker process 137
2024/05/06 04:39:05 [notice] 1#1: start worker process 138
2024/05/06 04:39:05 [notice] 1#1: start worker process 139
2024/05/06 04:39:05 [notice] 1#1: start worker process 140
2024/05/06 04:39:05 [notice] 1#1: start worker process 141
2024/05/06 04:39:05 [notice] 1#1: start worker process 142
2024/05/06 04:39:05 [notice] 1#1: start worker process 143
2024/05/06 04:39:05 [notice] 1#1: start worker process 144
2024/05/06 04:39:05 [notice] 1#1: start worker process 145
2024/05/06 04:39:05 [notice] 1#1: start worker process 146
2024/05/06 04:39:05 [notice] 1#1: start worker process 147
2024/05/06 04:39:05 [notice] 1#1: start worker process 148
2024/05/06 04:39:05 [notice] 1#1: start worker process 149
2024/05/06 04:39:05 [notice] 1#1: start worker process 150
2024/05/06 04:39:05 [notice] 1#1: start worker process 151
2024/05/06 04:39:05 [notice] 1#1: start worker process 152
2024/05/06 04:40:22 [notice] 1#1: signal 3 (SIGQUIT) received, shutting down
2024/05/06 04:40:22 [notice] 137#137: gracefully shutting down
2024/05/06 04:40:22 [notice] 138#138: gracefully shutting down
2024/05/06 04:40:22 [notice] 140#140: gracefully shutting down
2024/05/06 04:40:22 [notice] 137#137: exiting
2024/05/06 04:40:22 [notice] 142#142: gracefully shutting down
2024/05/06 04:40:22 [notice] 138#138: exiting
2024/05/06 04:40:22 [notice] 140#140: exiting
2024/05/06 04:40:22 [notice] 141#141: gracefully shutting down
2024/05/06 04:40:22 [notice] 142#142: exiting
2024/05/06 04:40:22 [notice] 145#145: gracefully shutting down
2024/05/06 04:40:22 [notice] 141#141: exiting
2024/05/06 04:40:22 [notice] 137#137: exit
2024/05/06 04:40:22 [notice] 145#145: exiting
2024/05/06 04:40:22 [notice] 140#140: exit
2024/05/06 04:40:22 [notice] 148#148: gracefully shutting down
2024/05/06 04:40:22 [notice] 138#138: exit
2024/05/06 04:40:22 [notice] 142#142: exit
2024/05/06 04:40:22 [notice] 148#148: exiting
2024/05/06 04:40:22 [notice] 147#147: gracefully shutting down
2024/05/06 04:40:22 [notice] 145#145: exit
2024/05/06 04:40:22 [notice] 141#141: exit
2024/05/06 04:40:22 [notice] 147#147: exiting
2024/05/06 04:40:22 [notice] 148#148: exit
2024/05/06 04:40:22 [notice] 147#147: exit
2024/05/06 04:40:22 [notice] 143#143: gracefully shutting down
2024/05/06 04:40:22 [notice] 143#143: exiting
2024/05/06 04:40:22 [notice] 144#144: gracefully shutting down
2024/05/06 04:40:22 [notice] 144#144: exiting
2024/05/06 04:40:22 [notice] 143#143: exit
2024/05/06 04:40:22 [notice] 144#144: exit
2024/05/06 04:40:22 [notice] 139#139: gracefully shutting down
2024/05/06 04:40:22 [notice] 139#139: exiting
2024/05/06 04:40:22 [notice] 146#146: gracefully shutting down
2024/05/06 04:40:22 [notice] 149#149: gracefully shutting down
2024/05/06 04:40:22 [notice] 139#139: exit
2024/05/06 04:40:22 [notice] 146#146: exiting
2024/05/06 04:40:22 [notice] 149#149: exiting
2024/05/06 04:40:22 [notice] 150#150: gracefully shutting down
2024/05/06 04:40:22 [notice] 149#149: exit
2024/05/06 04:40:22 [notice] 146#146: exit
2024/05/06 04:40:22 [notice] 152#152: gracefully shutting down
2024/05/06 04:40:22 [notice] 150#150: exiting
2024/05/06 04:40:22 [notice] 151#151: gracefully shutting down
2024/05/06 04:40:22 [notice] 152#152: exiting
2024/05/06 04:40:22 [notice] 151#151: exiting
2024/05/06 04:40:22 [notice] 152#152: exit
2024/05/06 04:40:22 [notice] 150#150: exit
2024/05/06 04:40:22 [notice] 151#151: exit
2024/05/06 04:40:22 [notice] 1#1: signal 17 (SIGCHLD) received from 148
2024/05/06 04:40:22 [notice] 1#1: worker process 138 exited with code 0
2024/05/06 04:40:22 [notice] 1#1: worker process 139 exited with code 0
2024/05/06 04:40:22 [notice] 1#1: worker process 142 exited with code 0
2024/05/06 04:40:22 [notice] 1#1: worker process 144 exited with code 0
2024/05/06 04:40:22 [notice] 1#1: worker process 147 exited with code 0
2024/05/06 04:40:22 [notice] 1#1: worker process 148 exited with code 0
2024/05/06 04:40:22 [notice] 1#1: worker process 149 exited with code 0
2024/05/06 04:40:22 [notice] 1#1: worker process 150 exited with code 0
2024/05/06 04:40:22 [notice] 1#1: worker process 152 exited with code 0
2024/05/06 04:40:22 [notice] 1#1: signal 29 (SIGIO) received
2024/05/06 04:40:22 [notice] 1#1: signal 17 (SIGCHLD) received from 145
2024/05/06 04:40:22 [notice] 1#1: worker process 145 exited with code 0
2024/05/06 04:40:22 [notice] 1#1: signal 29 (SIGIO) received
2024/05/06 04:40:22 [notice] 1#1: signal 17 (SIGCHLD) received from 137
2024/05/06 04:40:22 [notice] 1#1: worker process 137 exited with code 0
2024/05/06 04:40:22 [notice] 1#1: worker process 141 exited with code 0
2024/05/06 04:40:22 [notice] 1#1: signal 29 (SIGIO) received
2024/05/06 04:40:22 [notice] 1#1: signal 17 (SIGCHLD) received from 141
2024/05/06 04:40:22 [notice] 1#1: signal 17 (SIGCHLD) received from 151
2024/05/06 04:40:22 [notice] 1#1: worker process 143 exited with code 0
2024/05/06 04:40:22 [notice] 1#1: worker process 151 exited with code 0
2024/05/06 04:40:22 [notice] 1#1: signal 29 (SIGIO) received
2024/05/06 04:40:22 [notice] 1#1: signal 17 (SIGCHLD) received from 140
2024/05/06 04:40:22 [notice] 1#1: worker process 140 exited with code 0
2024/05/06 04:40:22 [notice] 1#1: signal 29 (SIGIO) received
2024/05/06 04:40:22 [notice] 1#1: signal 17 (SIGCHLD) received from 146
2024/05/06 04:40:22 [notice] 1#1: worker process 146 exited with code 0
2024/05/06 04:40:22 [notice] 1#1: exit
2024/05/06 04:41:38 [notice] 1#1: using the "epoll" event method
2024/05/06 04:41:38 [notice] 1#1: nginx/1.25.5
2024/05/06 04:41:38 [notice] 1#1: built by gcc 12.2.0 (Debian 12.2.0-14) 
2024/05/06 04:41:38 [notice] 1#1: OS: Linux 6.1.75-060175-generic
2024/05/06 04:41:38 [notice] 1#1: getrlimit(RLIMIT_NOFILE): 1048576:1048576
2024/05/06 04:41:38 [notice] 1#1: start worker processes
2024/05/06 04:41:38 [notice] 1#1: start worker process 138
2024/05/06 04:41:38 [notice] 1#1: start worker process 139
2024/05/06 04:41:38 [notice] 1#1: start worker process 140
2024/05/06 04:41:38 [notice] 1#1: start worker process 141
2024/05/06 04:41:38 [notice] 1#1: start worker process 142
2024/05/06 04:41:38 [notice] 1#1: start worker process 143
2024/05/06 04:41:38 [notice] 1#1: start worker process 144
2024/05/06 04:41:38 [notice] 1#1: start worker process 145
2024/05/06 04:41:38 [notice] 1#1: start worker process 146
2024/05/06 04:41:38 [notice] 1#1: start worker process 147
2024/05/06 04:41:38 [notice] 1#1: start worker process 148
2024/05/06 04:41:38 [notice] 1#1: start worker process 149
2024/05/06 04:41:38 [notice] 1#1: start worker process 150
2024/05/06 04:41:38 [notice] 1#1: start worker process 151
2024/05/06 04:41:38 [notice] 1#1: start worker process 152
2024/05/06 04:41:38 [notice] 1#1: start worker process 153
2024/05/06 04:44:00 [notice] 1#1: signal 3 (SIGQUIT) received, shutting down
2024/05/06 04:44:00 [notice] 139#139: gracefully shutting down
2024/05/06 04:44:00 [notice] 139#139: exiting
2024/05/06 04:44:00 [notice] 139#139: exit
2024/05/06 04:44:00 [notice] 138#138: gracefully shutting down
2024/05/06 04:44:00 [notice] 143#143: gracefully shutting down
2024/05/06 04:44:00 [notice] 138#138: exiting
2024/05/06 04:44:00 [notice] 143#143: exiting
2024/05/06 04:44:00 [notice] 140#140: gracefully shutting down
2024/05/06 04:44:00 [notice] 138#138: exit
2024/05/06 04:44:00 [notice] 140#140: exiting
2024/05/06 04:44:00 [notice] 143#143: exit
2024/05/06 04:44:00 [notice] 140#140: exit
2024/05/06 04:44:00 [notice] 144#144: gracefully shutting down
2024/05/06 04:44:00 [notice] 145#145: gracefully shutting down
2024/05/06 04:44:00 [notice] 144#144: exiting
2024/05/06 04:44:00 [notice] 145#145: exiting
2024/05/06 04:44:00 [notice] 144#144: exit
2024/05/06 04:44:00 [notice] 145#145: exit
2024/05/06 04:44:00 [notice] 141#141: gracefully shutting down
2024/05/06 04:44:00 [notice] 146#146: gracefully shutting down
2024/05/06 04:44:00 [notice] 141#141: exiting
2024/05/06 04:44:00 [notice] 142#142: gracefully shutting down
2024/05/06 04:44:00 [notice] 146#146: exiting
2024/05/06 04:44:00 [notice] 142#142: exiting
2024/05/06 04:44:00 [notice] 148#148: gracefully shutting down
2024/05/06 04:44:00 [notice] 151#151: gracefully shutting down
2024/05/06 04:44:00 [notice] 141#141: exit
2024/05/06 04:44:00 [notice] 147#147: gracefully shutting down
2024/05/06 04:44:00 [notice] 146#146: exit
2024/05/06 04:44:00 [notice] 148#148: exiting
2024/05/06 04:44:00 [notice] 151#151: exiting
2024/05/06 04:44:00 [notice] 142#142: exit
2024/05/06 04:44:00 [notice] 147#147: exiting
2024/05/06 04:44:00 [notice] 151#151: exit
2024/05/06 04:44:00 [notice] 148#148: exit
2024/05/06 04:44:00 [notice] 147#147: exit
2024/05/06 04:44:00 [notice] 149#149: gracefully shutting down
2024/05/06 04:44:00 [notice] 149#149: exiting
2024/05/06 04:44:00 [notice] 149#149: exit
2024/05/06 04:44:00 [notice] 152#152: gracefully shutting down
2024/05/06 04:44:00 [notice] 153#153: gracefully shutting down
2024/05/06 04:44:00 [notice] 152#152: exiting
2024/05/06 04:44:00 [notice] 153#153: exiting
2024/05/06 04:44:00 [notice] 152#152: exit
2024/05/06 04:44:00 [notice] 153#153: exit
2024/05/06 04:44:00 [notice] 150#150: gracefully shutting down
2024/05/06 04:44:00 [notice] 150#150: exiting
2024/05/06 04:44:00 [notice] 150#150: exit
2024/05/06 04:44:00 [notice] 1#1: signal 17 (SIGCHLD) received from 148
2024/05/06 04:44:00 [notice] 1#1: worker process 138 exited with code 0
2024/05/06 04:44:00 [notice] 1#1: worker process 139 exited with code 0
2024/05/06 04:44:00 [notice] 1#1: worker process 143 exited with code 0
2024/05/06 04:44:00 [notice] 1#1: worker process 144 exited with code 0
2024/05/06 04:44:00 [notice] 1#1: worker process 142 exited with code 0
2024/05/06 04:44:00 [notice] 1#1: worker process 148 exited with code 0
2024/05/06 04:44:00 [notice] 1#1: worker process 149 exited with code 0
2024/05/06 04:44:00 [notice] 1#1: worker process 150 exited with code 0
2024/05/06 04:44:00 [notice] 1#1: worker process 141 exited with code 0
2024/05/06 04:44:00 [notice] 1#1: worker process 151 exited with code 0
2024/05/06 04:44:00 [notice] 1#1: signal 29 (SIGIO) received
2024/05/06 04:44:00 [notice] 1#1: signal 17 (SIGCHLD) received from 151
2024/05/06 04:44:00 [notice] 1#1: signal 17 (SIGCHLD) received from 153
2024/05/06 04:44:00 [notice] 1#1: worker process 145 exited with code 0
2024/05/06 04:44:00 [notice] 1#1: worker process 147 exited with code 0
2024/05/06 04:44:00 [notice] 1#1: worker process 153 exited with code 0
2024/05/06 04:44:00 [notice] 1#1: signal 29 (SIGIO) received
2024/05/06 04:44:00 [notice] 1#1: signal 17 (SIGCHLD) received from 152
2024/05/06 04:44:00 [notice] 1#1: worker process 152 exited with code 0
2024/05/06 04:44:00 [notice] 1#1: worker process 140 exited with code 0
2024/05/06 04:44:00 [notice] 1#1: signal 17 (SIGCHLD) received from 140
2024/05/06 04:44:00 [notice] 1#1: worker process 146 exited with code 0
2024/05/06 04:44:00 [notice] 1#1: exit
2024/05/06 04:45:44 [notice] 1#1: using the "epoll" event method
2024/05/06 04:45:44 [notice] 1#1: nginx/1.25.5
2024/05/06 04:45:44 [notice] 1#1: built by gcc 12.2.0 (Debian 12.2.0-14) 
2024/05/06 04:45:44 [notice] 1#1: OS: Linux 6.1.75-060175-generic
2024/05/06 04:45:44 [notice] 1#1: getrlimit(RLIMIT_NOFILE): 1048576:1048576
2024/05/06 04:45:44 [notice] 1#1: start worker processes
2024/05/06 04:45:44 [notice] 1#1: start worker process 137
2024/05/06 04:45:44 [notice] 1#1: start worker process 138
2024/05/06 04:45:44 [notice] 1#1: start worker process 139
2024/05/06 04:45:44 [notice] 1#1: start worker process 140
2024/05/06 04:45:44 [notice] 1#1: start worker process 141
2024/05/06 04:45:44 [notice] 1#1: start worker process 142
2024/05/06 04:45:44 [notice] 1#1: start worker process 143
2024/05/06 04:45:44 [notice] 1#1: start worker process 144
2024/05/06 04:45:44 [notice] 1#1: start worker process 145
2024/05/06 04:45:44 [notice] 1#1: start worker process 146
2024/05/06 04:45:44 [notice] 1#1: start worker process 147
2024/05/06 04:45:44 [notice] 1#1: start worker process 148
2024/05/06 04:45:44 [notice] 1#1: start worker process 149
2024/05/06 04:45:44 [notice] 1#1: start worker process 150
2024/05/06 04:45:44 [notice] 1#1: start worker process 151
2024/05/06 04:45:44 [notice] 1#1: start worker process 152
